Сборка начата 16.04.2024 17:19:07.
Уровень детализации журнала: Normal.     1>Проект "C:\git\labs\labs\KPO\SE_Lab07\SE_Lab07\SE_Lab07.vcxproj" в узле 2 (целевые объекты Build).
     1>PrepareForBuild:
         Создание каталога "C:\git\labs\labs\KPO\SE_Lab07\Release\".
         Создание каталога "Release\SE_Lab07.tlog\".
       InitializeBuildStatus:
         Создание "Release\SE_Lab07.tlog\unsuccessfulbuild", так как было задано "AlwaysCreate".
         Обращение к "Release\SE_Lab07.tlog\unsuccessfulbuild".
       ClCompile:
         C:\Program Files\Microsoft Visual Studio\2022\Community\VC\Tools\MSVC\14.37.32822\bin\HostX86\x86\CL.exe /c /Zi /nologo /W3 /WX- /diagnostics:column /sdl /O2 /Oi /Oy- /GL /D WIN32 /D NDEBUG /D _CONSOLE /D _UNICODE /D UNICODE /Gm- /EHsc /MD /GS /Gy /fp:precise /Zc:wchar_t /Zc:forScope /Zc:inline /permissive- /Fo"Release\\" /Fd"Release\vc143.pdb" /external:W3 /Gd /TP /analyze- /FC /errorReport:prompt Call.cpp
         Call.cpp
     1>C:\git\labs\labs\KPO\SE_Lab07\SE_Lab07\Call.cpp(4,1): warning C4326: возвращаемый тип "main" должен быть "int", а не "void"
       Link:
         C:\Program Files\Microsoft Visual Studio\2022\Community\VC\Tools\MSVC\14.37.32822\bin\HostX86\x86\link.exe /ERRORREPORT:PROMPT /OUT:"C:\git\labs\labs\KPO\SE_Lab07\Release\SE_Lab07.exe" /NOLOGO kernel32.lib user32.lib gdi32.lib winspool.lib comdlg32.lib advapi32.lib shell32.lib ole32.lib oleaut32.lib uuid.lib odbc32.lib odbccp32.lib /MANIFEST /MANIFESTUAC:"level='asInvoker' uiAccess='false'" /manifest:embed /DEBUG /PDB:"C:\git\labs\labs\KPO\SE_Lab07\Release\SE_Lab07.pdb" /SUBSYSTEM:CONSOLE /OPT:REF /OPT:ICF /LTCG:incremental /LTCGOUT:"Release\SE_Lab07.iobj" /TLBID:1 /DYNAMICBASE /NXCOMPAT /IMPLIB:"C:\git\labs\labs\KPO\SE_Lab07\Release\SE_Lab07.lib" /MACHINE:X86 /SAFESEH Release\Call.obj
         Создание кода
         Previous IPDB not found, fall back to full compilation.
         All 4 functions were compiled because no usable IPDB/IOBJ from previous compilation was found.
         Создание кода завершено
         SE_Lab07.vcxproj -> C:\git\labs\labs\KPO\SE_Lab07\Release\SE_Lab07.exe
       FinalizeBuildStatus:
         Файл "Release\SE_Lab07.tlog\unsuccessfulbuild" удаляется.
         Обращение к "Release\SE_Lab07.tlog\SE_Lab07.lastbuildstate".
     1>Сборка проекта "C:\git\labs\labs\KPO\SE_Lab07\SE_Lab07\SE_Lab07.vcxproj" завершена (целевые объекты Build).

Сборка успешно завершена.

       "C:\git\labs\labs\KPO\SE_Lab07\SE_Lab07\SE_Lab07.vcxproj" (целевой объект Build ) (1) ->
       (Целевой объект ClCompile) -> 
         C:\git\labs\labs\KPO\SE_Lab07\SE_Lab07\Call.cpp(4,1): warning C4326: возвращаемый тип "main" должен быть "int", а не "void"

    Предупреждений: 1
    Ошибок: 0

Прошло времени 00:00:00.84
