Сборка начата 30.04.2024 16:45:13.
Уровень детализации журнала: Normal.     1>Проект "C:\git\labs\labs\KPO\Se_Lab_009\Se_Lab_009\Se_Lab_009.vcxproj" в узле 2 (целевые объекты Build).
     1>InitializeBuildStatus:
         Создание "Debug\Se_Lab_009.tlog\unsuccessfulbuild", так как было задано "AlwaysCreate".
         Обращение к "Debug\Se_Lab_009.tlog\unsuccessfulbuild".
       ClCompile:
         C:\Program Files\Microsoft Visual Studio\2022\Community\VC\Tools\MSVC\14.37.32822\bin\HostX86\x86\CL.exe /c /ZI /JMC /nologo /W3 /WX- /diagnostics:column /sdl /Od /Oy- /D WIN32 /D _DEBUG /D _CONSOLE /D _UNICODE /D UNICODE /Gm- /EHsc /RTC1 /MDd /GS /fp:precise /Zc:wchar_t /Zc:forScope /Zc:inline /permissive- /Fo"Debug\\" /Fd"Debug\vc143.pdb" /external:W3 /Gd /TP /analyze- /FC /errorReport:prompt Varparm.cpp
         Varparm.cpp
     1>C:\git\labs\labs\KPO\Se_Lab_009\Se_Lab_009\Varparm.cpp(45,16): warning C4244: +=: преобразование "double" в "float", возможна потеря данных
     1>C:\git\labs\labs\KPO\Se_Lab_009\Se_Lab_009\Varparm.cpp(67,1): warning C4326: возвращаемый тип "main" должен быть "int", а не "void"
       Link:
         C:\Program Files\Microsoft Visual Studio\2022\Community\VC\Tools\MSVC\14.37.32822\bin\HostX86\x86\link.exe /ERRORREPORT:PROMPT /OUT:"C:\git\labs\labs\KPO\Se_Lab_009\Debug\Se_Lab_009.exe" /INCREMENTAL /ILK:"Debug\Se_Lab_009.ilk" /NOLOGO kernel32.lib user32.lib gdi32.lib winspool.lib comdlg32.lib advapi32.lib shell32.lib ole32.lib oleaut32.lib uuid.lib odbc32.lib odbccp32.lib /MANIFEST /MANIFESTUAC:"level='asInvoker' uiAccess='false'" /manifest:embed /DEBUG /PDB:"C:\git\labs\labs\KPO\Se_Lab_009\Debug\Se_Lab_009.pdb" /SUBSYSTEM:CONSOLE /TLBID:1 /DYNAMICBASE /NXCOMPAT /IMPLIB:"C:\git\labs\labs\KPO\Se_Lab_009\Debug\Se_Lab_009.lib" /MACHINE:X86 Debug\Varparm.obj
         Se_Lab_009.vcxproj -> C:\git\labs\labs\KPO\Se_Lab_009\Debug\Se_Lab_009.exe
       FinalizeBuildStatus:
         Файл "Debug\Se_Lab_009.tlog\unsuccessfulbuild" удаляется.
         Обращение к "Debug\Se_Lab_009.tlog\Se_Lab_009.lastbuildstate".
     1>Сборка проекта "C:\git\labs\labs\KPO\Se_Lab_009\Se_Lab_009\Se_Lab_009.vcxproj" завершена (целевые объекты Build).

Сборка успешно завершена.

       "C:\git\labs\labs\KPO\Se_Lab_009\Se_Lab_009\Se_Lab_009.vcxproj" (целевой объект Build ) (1) ->
       (Целевой объект ClCompile) -> 
         C:\git\labs\labs\KPO\Se_Lab_009\Se_Lab_009\Varparm.cpp(45,16): warning C4244: +=: преобразование "double" в "float", возможна потеря данных
         C:\git\labs\labs\KPO\Se_Lab_009\Se_Lab_009\Varparm.cpp(67,1): warning C4326: возвращаемый тип "main" должен быть "int", а не "void"

    Предупреждений: 2
    Ошибок: 0

Прошло времени 00:00:01.37
