Сборка начата 05.03.2024 17:35:40.
Уровень детализации журнала: Normal.     1>Проект "C:\git\labs\KPO\KPO_ONE\KPO_ONE.vcxproj" в узле 2 (целевые объекты Build).
     1>InitializeBuildStatus:
         Создание "x64\Debug\KPO_ONE.tlog\unsuccessfulbuild", так как было задано "AlwaysCreate".
         Обращение к "x64\Debug\KPO_ONE.tlog\unsuccessfulbuild".
       ClCompile:
         Для всех выходных данных обновления не требуется.
         C:\Program Files\Microsoft Visual Studio\2022\Community\VC\Tools\MSVC\14.37.32822\bin\HostX64\x64\CL.exe /c /ZI /JMC /nologo /W3 /WX- /diagnostics:column /sdl /Od /D _DEBUG /D _CONSOLE /D _UNICODE /D UNICODE /Gm- /EHsc /RTC1 /MDd /GS /fp:precise /Zc:wchar_t /Zc:forScope /Zc:inline /permissive- /Yu"stdafx.h" /Fp"x64\Debug\KPO_ONE.pch" /Fo"x64\Debug\\" /Fd"x64\Debug\vc143.pdb" /external:W3 /Gd /TP /FC /errorReport:prompt Lab03.cpp
         Lab03.cpp
     1>C:\git\labs\KPO\KPO_ONE\Lab03.cpp(13,13): warning C4805: ==: небезопасное смешение типа "int" и типа "bool" в операции
     1>C:\git\labs\KPO\KPO_ONE\Lab03.cpp(27,13): warning C4805: ==: небезопасное смешение типа "int" и типа "bool" в операции
     1>C:\git\labs\KPO\KPO_ONE\Lab03.cpp(36,13): warning C4805: ==: небезопасное смешение типа "int" и типа "bool" в операции
       Link:
         C:\Program Files\Microsoft Visual Studio\2022\Community\VC\Tools\MSVC\14.37.32822\bin\HostX64\x64\link.exe /ERRORREPORT:PROMPT /OUT:"C:\git\labs\KPO\KPO_ONE\x64\Debug\KPO_ONE.exe" /INCREMENTAL /ILK:"x64\Debug\KPO_ONE.ilk" /NOLOGO kernel32.lib user32.lib gdi32.lib winspool.lib comdlg32.lib advapi32.lib shell32.lib ole32.lib oleaut32.lib uuid.lib odbc32.lib odbccp32.lib /MANIFEST /MANIFESTUAC:"level='asInvoker' uiAccess='false'" /manifest:embed /DEBUG /PDB:"C:\git\labs\KPO\KPO_ONE\x64\Debug\KPO_ONE.pdb" /SUBSYSTEM:CONSOLE /TLBID:1 /DYNAMICBASE /NXCOMPAT /IMPLIB:"C:\git\labs\KPO\KPO_ONE\x64\Debug\KPO_ONE.lib" /MACHINE:X64 x64\Debug\Birthday.obj
         x64\Debug\Check.obj
         x64\Debug\DayCount.obj
         x64\Debug\DayNum.obj
         x64\Debug\KPO_ONE.obj
         x64\Debug\Lab03.obj
         x64\Debug\vis.obj
         x64\Debug\stdafx.obj
         x64\Debug\YearCalculate.obj
         KPO_ONE.vcxproj -> C:\git\labs\KPO\KPO_ONE\x64\Debug\KPO_ONE.exe
       FinalizeBuildStatus:
         Файл "x64\Debug\KPO_ONE.tlog\unsuccessfulbuild" удаляется.
         Обращение к "x64\Debug\KPO_ONE.tlog\KPO_ONE.lastbuildstate".
     1>Сборка проекта "C:\git\labs\KPO\KPO_ONE\KPO_ONE.vcxproj" завершена (целевые объекты Build).

Сборка успешно завершена.

       "C:\git\labs\KPO\KPO_ONE\KPO_ONE.vcxproj" (целевой объект Build ) (1) ->
       (Целевой объект ClCompile) -> 
         C:\git\labs\KPO\KPO_ONE\Lab03.cpp(13,13): warning C4805: ==: небезопасное смешение типа "int" и типа "bool" в операции
         C:\git\labs\KPO\KPO_ONE\Lab03.cpp(27,13): warning C4805: ==: небезопасное смешение типа "int" и типа "bool" в операции
         C:\git\labs\KPO\KPO_ONE\Lab03.cpp(36,13): warning C4805: ==: небезопасное смешение типа "int" и типа "bool" в операции

    Предупреждений: 3
    Ошибок: 0

Прошло времени 00:00:00.59
