Сборка начата 21.02.2024 01:07:48.
Уровень детализации журнала: Normal.     1>Проект "C:\Users\stude\OneDrive\Рабочий стол\Всякое\project\Ded_Dos\Ded_Dos.vcxproj" в узле 2 (целевые объекты Build).
     1>InitializeBuildStatus:
         Создание "x64\Debug\Ded_Dos.tlog\unsuccessfulbuild", так как было задано "AlwaysCreate".
         Обращение к "x64\Debug\Ded_Dos.tlog\unsuccessfulbuild".
       ClCompile:
         C:\Program Files\Microsoft Visual Studio\2022\Community\VC\Tools\MSVC\14.37.32822\bin\HostX64\x64\CL.exe /c /ZI /JMC /nologo /W3 /WX- /diagnostics:column /sdl /Od /D _DEBUG /D _CONSOLE /D _UNICODE /D UNICODE /Gm- /EHsc /RTC1 /MDd /GS /fp:precise /Zc:wchar_t /Zc:forScope /Zc:inline /permissive- /Fo"x64\Debug\\" /Fd"x64\Debug\vc143.pdb" /external:W3 /Gd /TP /FC /errorReport:prompt Ded_Dos.cpp
         Ded_Dos.cpp
     1>C:\Users\stude\OneDrive\Рабочий стол\Всякое\project\Ded_Dos\Ded_Dos.cpp(418,1): warning C4326: возвращаемый тип "main" должен быть "int", а не "void"
     1>C:\Users\stude\OneDrive\Рабочий стол\Всякое\project\Ded_Dos\Ded_Dos.cpp(422,33): warning C4101: j: неиспользованная локальная переменная
       Link:
         C:\Program Files\Microsoft Visual Studio\2022\Community\VC\Tools\MSVC\14.37.32822\bin\HostX64\x64\link.exe /ERRORREPORT:PROMPT /OUT:"C:\Users\stude\OneDrive\Рабочий стол\Всякое\project\Ded_Dos\x64\Debug\Ded_Dos.exe" /INCREMENTAL /ILK:"x64\Debug\Ded_Dos.ilk" /NOLOGO kernel32.lib user32.lib gdi32.lib winspool.lib comdlg32.lib advapi32.lib shell32.lib ole32.lib oleaut32.lib uuid.lib odbc32.lib odbccp32.lib /MANIFEST /MANIFESTUAC:"level='asInvoker' uiAccess='false'" /manifest:embed /DEBUG /PDB:"C:\Users\stude\OneDrive\Рабочий стол\Всякое\project\Ded_Dos\x64\Debug\Ded_Dos.pdb" /SUBSYSTEM:CONSOLE /TLBID:1 /DYNAMICBASE /NXCOMPAT /IMPLIB:"C:\Users\stude\OneDrive\Рабочий стол\Всякое\project\Ded_Dos\x64\Debug\Ded_Dos.lib" /MACHINE:X64 x64\Debug\Ded_Dos.obj
         Ded_Dos.vcxproj -> C:\Users\stude\OneDrive\Рабочий стол\Всякое\project\Ded_Dos\x64\Debug\Ded_Dos.exe
       FinalizeBuildStatus:
         Файл "x64\Debug\Ded_Dos.tlog\unsuccessfulbuild" удаляется.
         Обращение к "x64\Debug\Ded_Dos.tlog\Ded_Dos.lastbuildstate".
     1>Сборка проекта "C:\Users\stude\OneDrive\Рабочий стол\Всякое\project\Ded_Dos\Ded_Dos.vcxproj" завершена (целевые объекты Build).

Сборка успешно завершена.

       "C:\Users\stude\OneDrive\Рабочий стол\Всякое\project\Ded_Dos\Ded_Dos.vcxproj" (целевой объект Build ) (1) ->
       (Целевой объект ClCompile) -> 
         C:\Users\stude\OneDrive\Рабочий стол\Всякое\project\Ded_Dos\Ded_Dos.cpp(418,1): warning C4326: возвращаемый тип "main" должен быть "int", а не "void"
         C:\Users\stude\OneDrive\Рабочий стол\Всякое\project\Ded_Dos\Ded_Dos.cpp(422,33): warning C4101: j: неиспользованная локальная переменная

    Предупреждений: 2
    Ошибок: 0

Прошло времени 00:00:00.48
