Сборка начата 16.02.2024 22:33:17.
Уровень детализации журнала: Normal.     1>Проект "C:\Users\stude\OneDrive\Рабочий стол\Всякое\project\Ded_One\Ded_One.vcxproj" в узле 2 (целевые объекты Build).
     1>InitializeBuildStatus:
         Создание "x64\Debug\Ded_One.tlog\unsuccessfulbuild", так как было задано "AlwaysCreate".
         Обращение к "x64\Debug\Ded_One.tlog\unsuccessfulbuild".
       ClCompile:
         C:\Program Files\Microsoft Visual Studio\2022\Community\VC\Tools\MSVC\14.37.32822\bin\HostX64\x64\CL.exe /c /ZI /JMC /nologo /W3 /WX- /diagnostics:column /sdl /Od /D _DEBUG /D _CONSOLE /D _UNICODE /D UNICODE /Gm- /EHsc /RTC1 /MDd /GS /fp:precise /Zc:wchar_t /Zc:forScope /Zc:inline /permissive- /Fo"x64\Debug\\" /Fd"x64\Debug\vc143.pdb" /external:W3 /Gd /TP /FC /errorReport:prompt Ded_One.cpp
         Ded_One.cpp
     1>C:\Users\stude\OneDrive\Рабочий стол\Всякое\project\Ded_One\Ded_One.cpp(96,14): warning C4244: инициализация: преобразование "double" в "int", возможна потеря данных
     1>C:\Users\stude\OneDrive\Рабочий стол\Всякое\project\Ded_One\Ded_One.cpp(157,1): warning C4326: возвращаемый тип "main" должен быть "int", а не "void"
       Link:
         C:\Program Files\Microsoft Visual Studio\2022\Community\VC\Tools\MSVC\14.37.32822\bin\HostX64\x64\link.exe /ERRORREPORT:PROMPT /OUT:"C:\Users\stude\OneDrive\Рабочий стол\Всякое\project\Ded_One\x64\Debug\Ded_One.exe" /INCREMENTAL /ILK:"x64\Debug\Ded_One.ilk" /NOLOGO kernel32.lib user32.lib gdi32.lib winspool.lib comdlg32.lib advapi32.lib shell32.lib ole32.lib oleaut32.lib uuid.lib odbc32.lib odbccp32.lib /MANIFEST /MANIFESTUAC:"level='asInvoker' uiAccess='false'" /manifest:embed /DEBUG /PDB:"C:\Users\stude\OneDrive\Рабочий стол\Всякое\project\Ded_One\x64\Debug\Ded_One.pdb" /SUBSYSTEM:CONSOLE /TLBID:1 /DYNAMICBASE /NXCOMPAT /IMPLIB:"C:\Users\stude\OneDrive\Рабочий стол\Всякое\project\Ded_One\x64\Debug\Ded_One.lib" /MACHINE:X64 x64\Debug\Ded_One.obj
         Ded_One.vcxproj -> C:\Users\stude\OneDrive\Рабочий стол\Всякое\project\Ded_One\x64\Debug\Ded_One.exe
       FinalizeBuildStatus:
         Файл "x64\Debug\Ded_One.tlog\unsuccessfulbuild" удаляется.
         Обращение к "x64\Debug\Ded_One.tlog\Ded_One.lastbuildstate".
     1>Сборка проекта "C:\Users\stude\OneDrive\Рабочий стол\Всякое\project\Ded_One\Ded_One.vcxproj" завершена (целевые объекты Build).

Сборка успешно завершена.

       "C:\Users\stude\OneDrive\Рабочий стол\Всякое\project\Ded_One\Ded_One.vcxproj" (целевой объект Build ) (1) ->
       (Целевой объект ClCompile) -> 
         C:\Users\stude\OneDrive\Рабочий стол\Всякое\project\Ded_One\Ded_One.cpp(96,14): warning C4244: инициализация: преобразование "double" в "int", возможна потеря данных
         C:\Users\stude\OneDrive\Рабочий стол\Всякое\project\Ded_One\Ded_One.cpp(157,1): warning C4326: возвращаемый тип "main" должен быть "int", а не "void"

    Предупреждений: 2
    Ошибок: 0

Прошло времени 00:00:00.88
