<<<<<<< HEAD
﻿Сборка начата 20.03.2024 00:43:08.
Уровень детализации журнала: Normal.     1>Проект "C:\Users\stude\OneDrive\Рабочий стол\Всякое\project\DED_^-^__666\DED_^-^__666.vcxproj" в узле 2 (целевые объекты Build).
     1>InitializeBuildStatus:
         Создание "x64\Debug\DED_^-^__666.tlog\unsuccessfulbuild", так как было задано "AlwaysCreate".
         Обращение к "x64\Debug\DED_^-^__666.tlog\unsuccessfulbuild".
       ClCompile:
         C:\Program Files\Microsoft Visual Studio\2022\Community\VC\Tools\MSVC\14.37.32822\bin\HostX64\x64\CL.exe /c /ZI /JMC /nologo /W3 /WX- /diagnostics:column /sdl /Od /D _DEBUG /D _CONSOLE /D _UNICODE /D UNICODE /Gm- /EHsc /RTC1 /MDd /GS /fp:precise /Zc:wchar_t /Zc:forScope /Zc:inline /permissive- /Fo"x64\Debug\\" /Fd"x64\Debug\vc143.pdb" /external:W3 /Gd /TP /FC /errorReport:prompt "DED_^-^__666.cpp"
         DED_^-^__666.cpp
     1>C:\Users\stude\OneDrive\Рабочий стол\Всякое\project\DED_^-^__666\DED_^-^__666.cpp(915,2): warning C4326: возвращаемый тип "main" должен быть "int", а не "void"
       Link:
         C:\Program Files\Microsoft Visual Studio\2022\Community\VC\Tools\MSVC\14.37.32822\bin\HostX64\x64\link.exe /ERRORREPORT:PROMPT /OUT:"C:\Users\stude\OneDrive\Рабочий стол\Всякое\project\DED_^-^__666\x64\Debug\DED_^-^__666.exe" /INCREMENTAL /ILK:"x64\Debug\DED_^-^__666.ilk" /NOLOGO kernel32.lib user32.lib gdi32.lib winspool.lib comdlg32.lib advapi32.lib shell32.lib ole32.lib oleaut32.lib uuid.lib odbc32.lib odbccp32.lib /MANIFEST /MANIFESTUAC:"level='asInvoker' uiAccess='false'" /manifest:embed /DEBUG /PDB:"C:\Users\stude\OneDrive\Рабочий стол\Всякое\project\DED_^-^__666\x64\Debug\DED_^-^__666.pdb" /SUBSYSTEM:CONSOLE /TLBID:1 /DYNAMICBASE /NXCOMPAT /IMPLIB:"C:\Users\stude\OneDrive\Рабочий стол\Всякое\project\DED_^-^__666\x64\Debug\DED_^-^__666.lib" /MACHINE:X64 "x64\Debug\DED_^-^__666.obj"
         DED_^-^__666.vcxproj -> C:\Users\stude\OneDrive\Рабочий стол\Всякое\project\DED_^-^__666\x64\Debug\DED_^-^__666.exe
       FinalizeBuildStatus:
         Файл "x64\Debug\DED_^-^__666.tlog\unsuccessfulbuild" удаляется.
         Обращение к "x64\Debug\DED_^-^__666.tlog\DED_^-^__666.lastbuildstate".
     1>Сборка проекта "C:\Users\stude\OneDrive\Рабочий стол\Всякое\project\DED_^-^__666\DED_^-^__666.vcxproj" завершена (целевые объекты Build).

Сборка успешно завершена.

       "C:\Users\stude\OneDrive\Рабочий стол\Всякое\project\DED_^-^__666\DED_^-^__666.vcxproj" (целевой объект Build ) (1) ->
       (Целевой объект ClCompile) -> 
         C:\Users\stude\OneDrive\Рабочий стол\Всякое\project\DED_^-^__666\DED_^-^__666.cpp(915,2): warning C4326: возвращаемый тип "main" должен быть "int", а не "void"

    Предупреждений: 1
    Ошибок: 0

Прошло времени 00:00:00.80
=======
﻿Сборка начата 20.03.2024 00:43:08.
Уровень детализации журнала: Normal.     1>Проект "C:\Users\stude\OneDrive\Рабочий стол\Всякое\project\DED_^-^__666\DED_^-^__666.vcxproj" в узле 2 (целевые объекты Build).
     1>InitializeBuildStatus:
         Создание "x64\Debug\DED_^-^__666.tlog\unsuccessfulbuild", так как было задано "AlwaysCreate".
         Обращение к "x64\Debug\DED_^-^__666.tlog\unsuccessfulbuild".
       ClCompile:
         C:\Program Files\Microsoft Visual Studio\2022\Community\VC\Tools\MSVC\14.37.32822\bin\HostX64\x64\CL.exe /c /ZI /JMC /nologo /W3 /WX- /diagnostics:column /sdl /Od /D _DEBUG /D _CONSOLE /D _UNICODE /D UNICODE /Gm- /EHsc /RTC1 /MDd /GS /fp:precise /Zc:wchar_t /Zc:forScope /Zc:inline /permissive- /Fo"x64\Debug\\" /Fd"x64\Debug\vc143.pdb" /external:W3 /Gd /TP /FC /errorReport:prompt "DED_^-^__666.cpp"
         DED_^-^__666.cpp
     1>C:\Users\stude\OneDrive\Рабочий стол\Всякое\project\DED_^-^__666\DED_^-^__666.cpp(915,2): warning C4326: возвращаемый тип "main" должен быть "int", а не "void"
       Link:
         C:\Program Files\Microsoft Visual Studio\2022\Community\VC\Tools\MSVC\14.37.32822\bin\HostX64\x64\link.exe /ERRORREPORT:PROMPT /OUT:"C:\Users\stude\OneDrive\Рабочий стол\Всякое\project\DED_^-^__666\x64\Debug\DED_^-^__666.exe" /INCREMENTAL /ILK:"x64\Debug\DED_^-^__666.ilk" /NOLOGO kernel32.lib user32.lib gdi32.lib winspool.lib comdlg32.lib advapi32.lib shell32.lib ole32.lib oleaut32.lib uuid.lib odbc32.lib odbccp32.lib /MANIFEST /MANIFESTUAC:"level='asInvoker' uiAccess='false'" /manifest:embed /DEBUG /PDB:"C:\Users\stude\OneDrive\Рабочий стол\Всякое\project\DED_^-^__666\x64\Debug\DED_^-^__666.pdb" /SUBSYSTEM:CONSOLE /TLBID:1 /DYNAMICBASE /NXCOMPAT /IMPLIB:"C:\Users\stude\OneDrive\Рабочий стол\Всякое\project\DED_^-^__666\x64\Debug\DED_^-^__666.lib" /MACHINE:X64 "x64\Debug\DED_^-^__666.obj"
         DED_^-^__666.vcxproj -> C:\Users\stude\OneDrive\Рабочий стол\Всякое\project\DED_^-^__666\x64\Debug\DED_^-^__666.exe
       FinalizeBuildStatus:
         Файл "x64\Debug\DED_^-^__666.tlog\unsuccessfulbuild" удаляется.
         Обращение к "x64\Debug\DED_^-^__666.tlog\DED_^-^__666.lastbuildstate".
     1>Сборка проекта "C:\Users\stude\OneDrive\Рабочий стол\Всякое\project\DED_^-^__666\DED_^-^__666.vcxproj" завершена (целевые объекты Build).

Сборка успешно завершена.

       "C:\Users\stude\OneDrive\Рабочий стол\Всякое\project\DED_^-^__666\DED_^-^__666.vcxproj" (целевой объект Build ) (1) ->
       (Целевой объект ClCompile) -> 
         C:\Users\stude\OneDrive\Рабочий стол\Всякое\project\DED_^-^__666\DED_^-^__666.cpp(915,2): warning C4326: возвращаемый тип "main" должен быть "int", а не "void"

    Предупреждений: 1
    Ошибок: 0

Прошло времени 00:00:00.80
>>>>>>> 6a1bf835ea3554afaa22b1acf46942cac87e08dd
