Сборка начата 16.04.2024 23:46:13.
Уровень детализации журнала: Normal.     1>Проект "C:\git\labs\labs\KPO\Ded_09\Ded_09\Ded_09.vcxproj" в узле 2 (целевые объекты Build).
     1>InitializeBuildStatus:
         Создание "Debug\Ded_09.tlog\unsuccessfulbuild", так как было задано "AlwaysCreate".
         Обращение к "Debug\Ded_09.tlog\unsuccessfulbuild".
       ClCompile:
         C:\Program Files\Microsoft Visual Studio\2022\Community\VC\Tools\MSVC\14.37.32822\bin\HostX86\x86\CL.exe /c /ZI /JMC /nologo /W3 /WX- /diagnostics:column /sdl /Od /Oy- /D WIN32 /D _DEBUG /D _CONSOLE /D _UNICODE /D UNICODE /Gm- /EHsc /RTC1 /MDd /GS /fp:precise /Zc:wchar_t /Zc:forScope /Zc:inline /permissive- /Fo"Debug\\" /Fd"Debug\vc143.pdb" /external:W3 /Gd /TP /analyze- /FC /errorReport:prompt Ded_09.cpp
         Ded_09.cpp
     1>C:\git\labs\labs\KPO\Ded_09\Ded_09\Ded_09.cpp(237,1): warning C4326: возвращаемый тип "main" должен быть "int", а не "void"
       Link:
         C:\Program Files\Microsoft Visual Studio\2022\Community\VC\Tools\MSVC\14.37.32822\bin\HostX86\x86\link.exe /ERRORREPORT:PROMPT /OUT:"C:\git\labs\labs\KPO\Ded_09\Debug\Ded_09.exe" /INCREMENTAL /ILK:"Debug\Ded_09.ilk" /NOLOGO kernel32.lib user32.lib gdi32.lib winspool.lib comdlg32.lib advapi32.lib shell32.lib ole32.lib oleaut32.lib uuid.lib odbc32.lib odbccp32.lib /MANIFEST /MANIFESTUAC:"level='asInvoker' uiAccess='false'" /manifest:embed /DEBUG /PDB:"C:\git\labs\labs\KPO\Ded_09\Debug\Ded_09.pdb" /SUBSYSTEM:CONSOLE /TLBID:1 /DYNAMICBASE /NXCOMPAT /IMPLIB:"C:\git\labs\labs\KPO\Ded_09\Debug\Ded_09.lib" /MACHINE:X86 Debug\Ded_09.obj
     1>LINK : fatal error LNK1168: не удается открыть C:\git\labs\labs\KPO\Ded_09\Debug\Ded_09.exe для записи
     1>Сборка проекта "C:\git\labs\labs\KPO\Ded_09\Ded_09\Ded_09.vcxproj" завершена (целевые объекты Build) с ошибкой.

Ошибка сборки.

       "C:\git\labs\labs\KPO\Ded_09\Ded_09\Ded_09.vcxproj" (целевой объект Build ) (1) ->
       (Целевой объект ClCompile) -> 
         C:\git\labs\labs\KPO\Ded_09\Ded_09\Ded_09.cpp(237,1): warning C4326: возвращаемый тип "main" должен быть "int", а не "void"


       "C:\git\labs\labs\KPO\Ded_09\Ded_09\Ded_09.vcxproj" (целевой объект Build ) (1) ->
       (Целевой объект Link) -> 
         LINK : fatal error LNK1168: не удается открыть C:\git\labs\labs\KPO\Ded_09\Debug\Ded_09.exe для записи

    Предупреждений: 1
    Ошибок: 1

Прошло времени 00:00:00.62
