Сборка начата 16.02.2024 22:39:56.
Уровень детализации журнала: Normal.     1>Проект "C:\labs\ASD\ShiMAN 1\ShiMAN 1.vcxproj" в узле 2 (целевые объекты Build).
     1>InitializeBuildStatus:
         Создание "x64\Debug\ShiMAN 1.tlog\unsuccessfulbuild", так как было задано "AlwaysCreate".
         Обращение к "x64\Debug\ShiMAN 1.tlog\unsuccessfulbuild".
       ClCompile:
         C:\Program Files\Microsoft Visual Studio\2022\Community\VC\Tools\MSVC\14.37.32822\bin\HostX64\x64\CL.exe /c /ZI /JMC /nologo /W3 /WX- /diagnostics:column /sdl /Od /D _DEBUG /D _CONSOLE /D _UNICODE /D UNICODE /Gm- /EHsc /RTC1 /MDd /GS /fp:precise /Zc:wchar_t /Zc:forScope /Zc:inline /permissive- /Fo"x64\Debug\\" /Fd"x64\Debug\vc143.pdb" /external:W3 /Gd /TP /FC /errorReport:prompt "ShiMAN 1.cpp"
         ShiMAN 1.cpp
     1>C:\labs\ASD\ShiMAN 1\ShiMAN 1.cpp(61,1): warning C4326: возвращаемый тип "main" должен быть "int", а не "void"
     1>C:\labs\ASD\ShiMAN 1\ShiMAN 1.cpp(88,12): warning C4244: =: преобразование "double" в "unsigned __int64", возможна потеря данных
     1>C:\labs\ASD\ShiMAN 1\ShiMAN 1.cpp(90,9): warning C4477: "printf": в строке форматирования "% d" требуется аргумент типа "int", но вариативный аргумент "1" имеет тип "unsigned __int64"
       C:\labs\ASD\ShiMAN 1\ShiMAN 1.cpp(90,9): message : рекомендуется использовать "%lld" в строке форматирования
       C:\labs\ASD\ShiMAN 1\ShiMAN 1.cpp(90,9): message : рекомендуется использовать "%Id" в строке форматирования
       C:\labs\ASD\ShiMAN 1\ShiMAN 1.cpp(90,9): message : рекомендуется использовать "%I64d" в строке форматирования
     1>C:\labs\ASD\ShiMAN 1\ShiMAN 1.cpp(101,11): warning C4244: =: преобразование "double" в "unsigned __int64", возможна потеря данных
     1>C:\labs\ASD\ShiMAN 1\ShiMAN 1.cpp(103,9): warning C4477: "printf": в строке форматирования "%d" требуется аргумент типа "int", но вариативный аргумент "1" имеет тип "unsigned __int64"
       C:\labs\ASD\ShiMAN 1\ShiMAN 1.cpp(103,9): message : рекомендуется использовать "%lld" в строке форматирования
       C:\labs\ASD\ShiMAN 1\ShiMAN 1.cpp(103,9): message : рекомендуется использовать "%Id" в строке форматирования
       C:\labs\ASD\ShiMAN 1\ShiMAN 1.cpp(103,9): message : рекомендуется использовать "%I64d" в строке форматирования
       Link:
         C:\Program Files\Microsoft Visual Studio\2022\Community\VC\Tools\MSVC\14.37.32822\bin\HostX64\x64\link.exe /ERRORREPORT:PROMPT /OUT:"C:\labs\ASD\ShiMAN 1\x64\Debug\ShiMAN 1.exe" /INCREMENTAL /ILK:"x64\Debug\ShiMAN 1.ilk" /NOLOGO kernel32.lib user32.lib gdi32.lib winspool.lib comdlg32.lib advapi32.lib shell32.lib ole32.lib oleaut32.lib uuid.lib odbc32.lib odbccp32.lib /MANIFEST /MANIFESTUAC:"level='asInvoker' uiAccess='false'" /manifest:embed /DEBUG /PDB:"C:\labs\ASD\ShiMAN 1\x64\Debug\ShiMAN 1.pdb" /SUBSYSTEM:CONSOLE /TLBID:1 /DYNAMICBASE /NXCOMPAT /IMPLIB:"C:\labs\ASD\ShiMAN 1\x64\Debug\ShiMAN 1.lib" /MACHINE:X64 "x64\Debug\ShiMAN 1.obj"
         ShiMAN 1.vcxproj -> C:\labs\ASD\ShiMAN 1\x64\Debug\ShiMAN 1.exe
       TlogCleanup:
         Следующие элементы будут удалены из tlogs, так как они были удалены из проекта или сборки: C:\Users\stude\OneDrive\Рабочий стол\Всякое\project\ShiMAN 1\ShiMAN 1.cpp.
       FinalizeBuildStatus:
         Файл "x64\Debug\ShiMAN 1.tlog\unsuccessfulbuild" удаляется.
         Обращение к "x64\Debug\ShiMAN 1.tlog\ShiMAN 1.lastbuildstate".
     1>Сборка проекта "C:\labs\ASD\ShiMAN 1\ShiMAN 1.vcxproj" завершена (целевые объекты Build).

Сборка успешно завершена.

       "C:\labs\ASD\ShiMAN 1\ShiMAN 1.vcxproj" (целевой объект Build ) (1) ->
       (Целевой объект ClCompile) -> 
         C:\labs\ASD\ShiMAN 1\ShiMAN 1.cpp(61,1): warning C4326: возвращаемый тип "main" должен быть "int", а не "void"
         C:\labs\ASD\ShiMAN 1\ShiMAN 1.cpp(88,12): warning C4244: =: преобразование "double" в "unsigned __int64", возможна потеря данных
         C:\labs\ASD\ShiMAN 1\ShiMAN 1.cpp(90,9): warning C4477: "printf": в строке форматирования "% d" требуется аргумент типа "int", но вариативный аргумент "1" имеет тип "unsigned __int64"
         C:\labs\ASD\ShiMAN 1\ShiMAN 1.cpp(101,11): warning C4244: =: преобразование "double" в "unsigned __int64", возможна потеря данных
         C:\labs\ASD\ShiMAN 1\ShiMAN 1.cpp(103,9): warning C4477: "printf": в строке форматирования "%d" требуется аргумент типа "int", но вариативный аргумент "1" имеет тип "unsigned __int64"

    Предупреждений: 5
    Ошибок: 0

Прошло времени 00:00:01.14
