Сборка начата 08.04.2024 23:12:34.
Уровень детализации журнала: Normal.     1>Проект "C:\git\labs\labs\KPO\SE_Lab_06S\SE_Lab_06\SE_Lab_06.vcxproj" в узле 2 (целевые объекты Build).
     1>InitializeBuildStatus:
         Обращение к "x64\Debug\SE_Lab_06.tlog\unsuccessfulbuild".
       ClCompile:
         C:\Program Files\Microsoft Visual Studio\2022\Community\VC\Tools\MSVC\14.37.32822\bin\HostX64\x64\CL.exe /c /ZI /JMC /nologo /W3 /WX- /diagnostics:column /sdl /Od /D _DEBUG /D _CONSOLE /D _UNICODE /D UNICODE /Gm- /EHsc /RTC1 /MDd /GS /fp:precise /Zc:wchar_t /Zc:forScope /Zc:inline /permissive- /Fo"x64\Debug\\" /Fd"x64\Debug\vc143.pdb" /external:W3 /Gd /TP /FC /errorReport:prompt C:\git\labs\labs\KPO\SE_Lab_06S\x64\Debug\SE_Lab_06L.lib SE_Lab_06.cpp
         SE_Lab_06L.lib
     1>C:\git\labs\labs\KPO\SE_Lab_06S\x64\Debug\SE_Lab_06L.lib(1,2): error C2059: синтаксическая ошибка: <
     1>C:\git\labs\labs\KPO\SE_Lab_06S\x64\Debug\SE_Lab_06L.lib(2,59): error C2018: неизвестный знак "0x60"
     1>C:\git\labs\labs\KPO\SE_Lab_06S\x64\Debug\SE_Lab_06L.lib(3,163): error C3872: 0x24: этот символ невозможно использовать в идентификаторе
     1>C:\git\labs\labs\KPO\SE_Lab_06S\x64\Debug\SE_Lab_06L.lib(3,184): error C2018: неизвестный знак "0x40"
     1>C:\git\labs\labs\KPO\SE_Lab_06S\x64\Debug\SE_Lab_06L.lib(3,186): error C2018: неизвестный знак "0x40"
     1>C:\git\labs\labs\KPO\SE_Lab_06S\x64\Debug\SE_Lab_06L.lib(3,190): error C2018: неизвестный знак "0x40"
     1>C:\git\labs\labs\KPO\SE_Lab_06S\x64\Debug\SE_Lab_06L.lib(3,191): error C2018: неизвестный знак "0x40"
     1>C:\git\labs\labs\KPO\SE_Lab_06S\x64\Debug\SE_Lab_06L.lib(3,192): error C2018: неизвестный знак "0x40"
     1>C:\git\labs\labs\KPO\SE_Lab_06S\x64\Debug\SE_Lab_06L.lib(3,196): error C2018: неизвестный знак "0x40"
     1>C:\git\labs\labs\KPO\SE_Lab_06S\x64\Debug\SE_Lab_06L.lib(3,197): error C2018: неизвестный знак "0x40"
     1>C:\git\labs\labs\KPO\SE_Lab_06S\x64\Debug\SE_Lab_06L.lib(3,219): error C2018: неизвестный знак "0x40"
     1>C:\git\labs\labs\KPO\SE_Lab_06S\x64\Debug\SE_Lab_06L.lib(3,235): error C2018: неизвестный знак "0x40"
     1>C:\git\labs\labs\KPO\SE_Lab_06S\x64\Debug\SE_Lab_06L.lib(3,237): error C2018: неизвестный знак "0x40"
     1>C:\git\labs\labs\KPO\SE_Lab_06S\x64\Debug\SE_Lab_06L.lib(3,241): error C2018: неизвестный знак "0x40"
     1>C:\git\labs\labs\KPO\SE_Lab_06S\x64\Debug\SE_Lab_06L.lib(3,242): error C2018: неизвестный знак "0x40"
     1>C:\git\labs\labs\KPO\SE_Lab_06S\x64\Debug\SE_Lab_06L.lib(3,243): error C2018: неизвестный знак "0x40"
     1>C:\git\labs\labs\KPO\SE_Lab_06S\x64\Debug\SE_Lab_06L.lib(3,245): error C2018: неизвестный знак "0x40"
     1>C:\git\labs\labs\KPO\SE_Lab_06S\x64\Debug\SE_Lab_06L.lib(3,252): error C2018: неизвестный знак "0x40"
     1>C:\git\labs\labs\KPO\SE_Lab_06S\x64\Debug\SE_Lab_06L.lib(3,257): error C2018: неизвестный знак "0x40"
     1>C:\git\labs\labs\KPO\SE_Lab_06S\x64\Debug\SE_Lab_06L.lib(3,267): error C2018: неизвестный знак "0x40"
     1>C:\git\labs\labs\KPO\SE_Lab_06S\x64\Debug\SE_Lab_06L.lib(3,283): error C2018: неизвестный знак "0x40"
     1>C:\git\labs\labs\KPO\SE_Lab_06S\x64\Debug\SE_Lab_06L.lib(3,285): error C2018: неизвестный знак "0x40"
     1>C:\git\labs\labs\KPO\SE_Lab_06S\x64\Debug\SE_Lab_06L.lib(3,289): error C2018: неизвестный знак "0x40"
     1>C:\git\labs\labs\KPO\SE_Lab_06S\x64\Debug\SE_Lab_06L.lib(3,290): error C2018: неизвестный знак "0x40"
     1>C:\git\labs\labs\KPO\SE_Lab_06S\x64\Debug\SE_Lab_06L.lib(3,291): error C2018: неизвестный знак "0x40"
     1>C:\git\labs\labs\KPO\SE_Lab_06S\x64\Debug\SE_Lab_06L.lib(3,295): error C2018: неизвестный знак "0x40"
     1>C:\git\labs\labs\KPO\SE_Lab_06S\x64\Debug\SE_Lab_06L.lib(3,296): error C2018: неизвестный знак "0x40"
     1>C:\git\labs\labs\KPO\SE_Lab_06S\x64\Debug\SE_Lab_06L.lib(3,318): error C2018: неизвестный знак "0x40"
     1>C:\git\labs\labs\KPO\SE_Lab_06S\x64\Debug\SE_Lab_06L.lib(3,334): error C2018: неизвестный знак "0x40"
     1>C:\git\labs\labs\KPO\SE_Lab_06S\x64\Debug\SE_Lab_06L.lib(3,336): error C2018: неизвестный знак "0x40"
     1>C:\git\labs\labs\KPO\SE_Lab_06S\x64\Debug\SE_Lab_06L.lib(3,340): error C2018: неизвестный знак "0x40"
     1>C:\git\labs\labs\KPO\SE_Lab_06S\x64\Debug\SE_Lab_06L.lib(3,341): error C2018: неизвестный знак "0x40"
     1>C:\git\labs\labs\KPO\SE_Lab_06S\x64\Debug\SE_Lab_06L.lib(3,342): error C2018: неизвестный знак "0x40"
     1>C:\git\labs\labs\KPO\SE_Lab_06S\x64\Debug\SE_Lab_06L.lib(3,344): error C2018: неизвестный знак "0x40"
     1>C:\git\labs\labs\KPO\SE_Lab_06S\x64\Debug\SE_Lab_06L.lib(3,351): error C2018: неизвестный знак "0x40"
     1>C:\git\labs\labs\KPO\SE_Lab_06S\x64\Debug\SE_Lab_06L.lib(3,352): error C2018: неизвестный знак "0x40"
     1>C:\git\labs\labs\KPO\SE_Lab_06S\x64\Debug\SE_Lab_06L.lib(3,366): error C2018: неизвестный знак "0x40"
     1>C:\git\labs\labs\KPO\SE_Lab_06S\x64\Debug\SE_Lab_06L.lib(3,371): error C2018: неизвестный знак "0x40"
     1>C:\git\labs\labs\KPO\SE_Lab_06S\x64\Debug\SE_Lab_06L.lib(3,372): error C2018: неизвестный знак "0x40"
     1>C:\git\labs\labs\KPO\SE_Lab_06S\x64\Debug\SE_Lab_06L.lib(3,373): error C2018: неизвестный знак "0x40"
     1>C:\git\labs\labs\KPO\SE_Lab_06S\x64\Debug\SE_Lab_06L.lib(3,384): error C2018: неизвестный знак "0x40"
     1>C:\git\labs\labs\KPO\SE_Lab_06S\x64\Debug\SE_Lab_06L.lib(3,390): error C2018: неизвестный знак "0x40"
     1>C:\git\labs\labs\KPO\SE_Lab_06S\x64\Debug\SE_Lab_06L.lib(3,408): error C2018: неизвестный знак "0x40"
     1>C:\git\labs\labs\KPO\SE_Lab_06S\x64\Debug\SE_Lab_06L.lib(3,424): error C2018: неизвестный знак "0x40"
     1>C:\git\labs\labs\KPO\SE_Lab_06S\x64\Debug\SE_Lab_06L.lib(3,440): error C2018: неизвестный знак "0x40"
     1>C:\git\labs\labs\KPO\SE_Lab_06S\x64\Debug\SE_Lab_06L.lib(3,442): error C2018: неизвестный знак "0x40"
     1>C:\git\labs\labs\KPO\SE_Lab_06S\x64\Debug\SE_Lab_06L.lib(3,446): error C2018: неизвестный знак "0x40"
     1>C:\git\labs\labs\KPO\SE_Lab_06S\x64\Debug\SE_Lab_06L.lib(3,447): error C2018: неизвестный знак "0x40"
     1>C:\git\labs\labs\KPO\SE_Lab_06S\x64\Debug\SE_Lab_06L.lib(3,448): error C2018: неизвестный знак "0x40"
     1>C:\git\labs\labs\KPO\SE_Lab_06S\x64\Debug\SE_Lab_06L.lib(3,452): error C2018: неизвестный знак "0x40"
     1>C:\git\labs\labs\KPO\SE_Lab_06S\x64\Debug\SE_Lab_06L.lib(3,453): error C2018: неизвестный знак "0x40"
     1>C:\git\labs\labs\KPO\SE_Lab_06S\x64\Debug\SE_Lab_06L.lib(3,458): error C2018: неизвестный знак "0x40"
     1>C:\git\labs\labs\KPO\SE_Lab_06S\x64\Debug\SE_Lab_06L.lib(3,465): error C2018: неизвестный знак "0x40"
     1>C:\git\labs\labs\KPO\SE_Lab_06S\x64\Debug\SE_Lab_06L.lib(3,466): error C2018: неизвестный знак "0x40"
     1>C:\git\labs\labs\KPO\SE_Lab_06S\x64\Debug\SE_Lab_06L.lib(3,478): error C2018: неизвестный знак "0x40"
     1>C:\git\labs\labs\KPO\SE_Lab_06S\x64\Debug\SE_Lab_06L.lib(3,494): error C2018: неизвестный знак "0x40"
     1>C:\git\labs\labs\KPO\SE_Lab_06S\x64\Debug\SE_Lab_06L.lib(3,510): error C2018: неизвестный знак "0x40"
     1>C:\git\labs\labs\KPO\SE_Lab_06S\x64\Debug\SE_Lab_06L.lib(3,512): error C2018: неизвестный знак "0x40"
     1>C:\git\labs\labs\KPO\SE_Lab_06S\x64\Debug\SE_Lab_06L.lib(3,516): error C2018: неизвестный знак "0x40"
     1>C:\git\labs\labs\KPO\SE_Lab_06S\x64\Debug\SE_Lab_06L.lib(3,517): error C2018: неизвестный знак "0x40"
     1>C:\git\labs\labs\KPO\SE_Lab_06S\x64\Debug\SE_Lab_06L.lib(3,518): error C2018: неизвестный знак "0x40"
     1>C:\git\labs\labs\KPO\SE_Lab_06S\x64\Debug\SE_Lab_06L.lib(3,522): error C2018: неизвестный знак "0x40"
     1>C:\git\labs\labs\KPO\SE_Lab_06S\x64\Debug\SE_Lab_06L.lib(3,523): error C2018: неизвестный знак "0x40"
     1>C:\git\labs\labs\KPO\SE_Lab_06S\x64\Debug\SE_Lab_06L.lib(3,528): error C2018: неизвестный знак "0x40"
     1>C:\git\labs\labs\KPO\SE_Lab_06S\x64\Debug\SE_Lab_06L.lib(3,535): error C2018: неизвестный знак "0x40"
     1>C:\git\labs\labs\KPO\SE_Lab_06S\x64\Debug\SE_Lab_06L.lib(3,536): error C2018: неизвестный знак "0x40"
     1>C:\git\labs\labs\KPO\SE_Lab_06S\x64\Debug\SE_Lab_06L.lib(3,554): error C2018: неизвестный знак "0x40"
     1>C:\git\labs\labs\KPO\SE_Lab_06S\x64\Debug\SE_Lab_06L.lib(3,570): error C2018: неизвестный знак "0x40"
     1>C:\git\labs\labs\KPO\SE_Lab_06S\x64\Debug\SE_Lab_06L.lib(3,586): error C2018: неизвестный знак "0x40"
     1>C:\git\labs\labs\KPO\SE_Lab_06S\x64\Debug\SE_Lab_06L.lib(3,588): error C2018: неизвестный знак "0x40"
     1>C:\git\labs\labs\KPO\SE_Lab_06S\x64\Debug\SE_Lab_06L.lib(3,592): error C2018: неизвестный знак "0x40"
     1>C:\git\labs\labs\KPO\SE_Lab_06S\x64\Debug\SE_Lab_06L.lib(3,593): error C2018: неизвестный знак "0x40"
     1>C:\git\labs\labs\KPO\SE_Lab_06S\x64\Debug\SE_Lab_06L.lib(3,594): error C2018: неизвестный знак "0x40"
     1>C:\git\labs\labs\KPO\SE_Lab_06S\x64\Debug\SE_Lab_06L.lib(3,598): error C2018: неизвестный знак "0x40"
     1>C:\git\labs\labs\KPO\SE_Lab_06S\x64\Debug\SE_Lab_06L.lib(3,599): error C2018: неизвестный знак "0x40"
     1>C:\git\labs\labs\KPO\SE_Lab_06S\x64\Debug\SE_Lab_06L.lib(3,604): error C2018: неизвестный знак "0x40"
     1>C:\git\labs\labs\KPO\SE_Lab_06S\x64\Debug\SE_Lab_06L.lib(3,617): error C2018: неизвестный знак "0x40"
     1>C:\git\labs\labs\KPO\SE_Lab_06S\x64\Debug\SE_Lab_06L.lib(3,633): error C2018: неизвестный знак "0x40"
     1>C:\git\labs\labs\KPO\SE_Lab_06S\x64\Debug\SE_Lab_06L.lib(3,649): error C2018: неизвестный знак "0x40"
     1>C:\git\labs\labs\KPO\SE_Lab_06S\x64\Debug\SE_Lab_06L.lib(3,651): error C2018: неизвестный знак "0x40"
     1>C:\git\labs\labs\KPO\SE_Lab_06S\x64\Debug\SE_Lab_06L.lib(3,655): error C2018: неизвестный знак "0x40"
     1>C:\git\labs\labs\KPO\SE_Lab_06S\x64\Debug\SE_Lab_06L.lib(3,656): error C2018: неизвестный знак "0x40"
     1>C:\git\labs\labs\KPO\SE_Lab_06S\x64\Debug\SE_Lab_06L.lib(3,657): error C2018: неизвестный знак "0x40"
     1>C:\git\labs\labs\KPO\SE_Lab_06S\x64\Debug\SE_Lab_06L.lib(3,661): error C2018: неизвестный знак "0x40"
     1>C:\git\labs\labs\KPO\SE_Lab_06S\x64\Debug\SE_Lab_06L.lib(3,662): error C2018: неизвестный знак "0x40"
     1>C:\git\labs\labs\KPO\SE_Lab_06S\x64\Debug\SE_Lab_06L.lib(3,667): error C2018: неизвестный знак "0x40"
     1>C:\git\labs\labs\KPO\SE_Lab_06S\x64\Debug\SE_Lab_06L.lib(3,680): error C2018: неизвестный знак "0x40"
     1>C:\git\labs\labs\KPO\SE_Lab_06S\x64\Debug\SE_Lab_06L.lib(3,696): error C2018: неизвестный знак "0x40"
     1>C:\git\labs\labs\KPO\SE_Lab_06S\x64\Debug\SE_Lab_06L.lib(3,712): error C2018: неизвестный знак "0x40"
     1>C:\git\labs\labs\KPO\SE_Lab_06S\x64\Debug\SE_Lab_06L.lib(3,714): error C2018: неизвестный знак "0x40"
     1>C:\git\labs\labs\KPO\SE_Lab_06S\x64\Debug\SE_Lab_06L.lib(3,718): error C2018: неизвестный знак "0x40"
     1>C:\git\labs\labs\KPO\SE_Lab_06S\x64\Debug\SE_Lab_06L.lib(3,719): error C2018: неизвестный знак "0x40"
     1>C:\git\labs\labs\KPO\SE_Lab_06S\x64\Debug\SE_Lab_06L.lib(3,720): error C2018: неизвестный знак "0x40"
     1>C:\git\labs\labs\KPO\SE_Lab_06S\x64\Debug\SE_Lab_06L.lib(3,724): error C2018: неизвестный знак "0x40"
     1>C:\git\labs\labs\KPO\SE_Lab_06S\x64\Debug\SE_Lab_06L.lib(3,725): error C2018: неизвестный знак "0x40"
     1>C:\git\labs\labs\KPO\SE_Lab_06S\x64\Debug\SE_Lab_06L.lib(3,739): error C2018: неизвестный знак "0x40"
     1>C:\git\labs\labs\KPO\SE_Lab_06S\x64\Debug\SE_Lab_06L.lib(3,751): error C2018: неизвестный знак "0x40"
     1>C:\git\labs\labs\KPO\SE_Lab_06S\x64\Debug\SE_Lab_06L.lib(3,754): error C2018: неизвестный знак "0x40"
     1>C:\git\labs\labs\KPO\SE_Lab_06S\x64\Debug\SE_Lab_06L.lib(3,760): error C2018: неизвестный знак "0x40"
     1>C:\git\labs\labs\KPO\SE_Lab_06S\x64\Debug\SE_Lab_06L.lib(3,772): error C2018: неизвестный знак "0x40"
     1>C:\git\labs\labs\KPO\SE_Lab_06S\x64\Debug\SE_Lab_06L.lib(3,772): fatal  error C1003: число ошибок превышает 100; остановка компиляции
         SE_Lab_06.cpp
         Создание кода...
     1>Сборка проекта "C:\git\labs\labs\KPO\SE_Lab_06S\SE_Lab_06\SE_Lab_06.vcxproj" завершена (целевые объекты Build) с ошибкой.

Ошибка сборки.

       "C:\git\labs\labs\KPO\SE_Lab_06S\SE_Lab_06\SE_Lab_06.vcxproj" (целевой объект Build ) (1) ->
       (Целевой объект ClCompile) -> 
         C:\git\labs\labs\KPO\SE_Lab_06S\x64\Debug\SE_Lab_06L.lib(1,2): error C2059: синтаксическая ошибка: <
         C:\git\labs\labs\KPO\SE_Lab_06S\x64\Debug\SE_Lab_06L.lib(2,59): error C2018: неизвестный знак "0x60"
         C:\git\labs\labs\KPO\SE_Lab_06S\x64\Debug\SE_Lab_06L.lib(3,163): error C3872: 0x24: этот символ невозможно использовать в идентификаторе
         C:\git\labs\labs\KPO\SE_Lab_06S\x64\Debug\SE_Lab_06L.lib(3,184): error C2018: неизвестный знак "0x40"
         C:\git\labs\labs\KPO\SE_Lab_06S\x64\Debug\SE_Lab_06L.lib(3,186): error C2018: неизвестный знак "0x40"
         C:\git\labs\labs\KPO\SE_Lab_06S\x64\Debug\SE_Lab_06L.lib(3,190): error C2018: неизвестный знак "0x40"
         C:\git\labs\labs\KPO\SE_Lab_06S\x64\Debug\SE_Lab_06L.lib(3,191): error C2018: неизвестный знак "0x40"
         C:\git\labs\labs\KPO\SE_Lab_06S\x64\Debug\SE_Lab_06L.lib(3,192): error C2018: неизвестный знак "0x40"
         C:\git\labs\labs\KPO\SE_Lab_06S\x64\Debug\SE_Lab_06L.lib(3,196): error C2018: неизвестный знак "0x40"
         C:\git\labs\labs\KPO\SE_Lab_06S\x64\Debug\SE_Lab_06L.lib(3,197): error C2018: неизвестный знак "0x40"
         C:\git\labs\labs\KPO\SE_Lab_06S\x64\Debug\SE_Lab_06L.lib(3,219): error C2018: неизвестный знак "0x40"
         C:\git\labs\labs\KPO\SE_Lab_06S\x64\Debug\SE_Lab_06L.lib(3,235): error C2018: неизвестный знак "0x40"
         C:\git\labs\labs\KPO\SE_Lab_06S\x64\Debug\SE_Lab_06L.lib(3,237): error C2018: неизвестный знак "0x40"
         C:\git\labs\labs\KPO\SE_Lab_06S\x64\Debug\SE_Lab_06L.lib(3,241): error C2018: неизвестный знак "0x40"
         C:\git\labs\labs\KPO\SE_Lab_06S\x64\Debug\SE_Lab_06L.lib(3,242): error C2018: неизвестный знак "0x40"
         C:\git\labs\labs\KPO\SE_Lab_06S\x64\Debug\SE_Lab_06L.lib(3,243): error C2018: неизвестный знак "0x40"
         C:\git\labs\labs\KPO\SE_Lab_06S\x64\Debug\SE_Lab_06L.lib(3,245): error C2018: неизвестный знак "0x40"
         C:\git\labs\labs\KPO\SE_Lab_06S\x64\Debug\SE_Lab_06L.lib(3,252): error C2018: неизвестный знак "0x40"
         C:\git\labs\labs\KPO\SE_Lab_06S\x64\Debug\SE_Lab_06L.lib(3,257): error C2018: неизвестный знак "0x40"
         C:\git\labs\labs\KPO\SE_Lab_06S\x64\Debug\SE_Lab_06L.lib(3,267): error C2018: неизвестный знак "0x40"
         C:\git\labs\labs\KPO\SE_Lab_06S\x64\Debug\SE_Lab_06L.lib(3,283): error C2018: неизвестный знак "0x40"
         C:\git\labs\labs\KPO\SE_Lab_06S\x64\Debug\SE_Lab_06L.lib(3,285): error C2018: неизвестный знак "0x40"
         C:\git\labs\labs\KPO\SE_Lab_06S\x64\Debug\SE_Lab_06L.lib(3,289): error C2018: неизвестный знак "0x40"
         C:\git\labs\labs\KPO\SE_Lab_06S\x64\Debug\SE_Lab_06L.lib(3,290): error C2018: неизвестный знак "0x40"
         C:\git\labs\labs\KPO\SE_Lab_06S\x64\Debug\SE_Lab_06L.lib(3,291): error C2018: неизвестный знак "0x40"
         C:\git\labs\labs\KPO\SE_Lab_06S\x64\Debug\SE_Lab_06L.lib(3,295): error C2018: неизвестный знак "0x40"
         C:\git\labs\labs\KPO\SE_Lab_06S\x64\Debug\SE_Lab_06L.lib(3,296): error C2018: неизвестный знак "0x40"
         C:\git\labs\labs\KPO\SE_Lab_06S\x64\Debug\SE_Lab_06L.lib(3,318): error C2018: неизвестный знак "0x40"
         C:\git\labs\labs\KPO\SE_Lab_06S\x64\Debug\SE_Lab_06L.lib(3,334): error C2018: неизвестный знак "0x40"
         C:\git\labs\labs\KPO\SE_Lab_06S\x64\Debug\SE_Lab_06L.lib(3,336): error C2018: неизвестный знак "0x40"
         C:\git\labs\labs\KPO\SE_Lab_06S\x64\Debug\SE_Lab_06L.lib(3,340): error C2018: неизвестный знак "0x40"
         C:\git\labs\labs\KPO\SE_Lab_06S\x64\Debug\SE_Lab_06L.lib(3,341): error C2018: неизвестный знак "0x40"
         C:\git\labs\labs\KPO\SE_Lab_06S\x64\Debug\SE_Lab_06L.lib(3,342): error C2018: неизвестный знак "0x40"
         C:\git\labs\labs\KPO\SE_Lab_06S\x64\Debug\SE_Lab_06L.lib(3,344): error C2018: неизвестный знак "0x40"
         C:\git\labs\labs\KPO\SE_Lab_06S\x64\Debug\SE_Lab_06L.lib(3,351): error C2018: неизвестный знак "0x40"
         C:\git\labs\labs\KPO\SE_Lab_06S\x64\Debug\SE_Lab_06L.lib(3,352): error C2018: неизвестный знак "0x40"
         C:\git\labs\labs\KPO\SE_Lab_06S\x64\Debug\SE_Lab_06L.lib(3,366): error C2018: неизвестный знак "0x40"
         C:\git\labs\labs\KPO\SE_Lab_06S\x64\Debug\SE_Lab_06L.lib(3,371): error C2018: неизвестный знак "0x40"
         C:\git\labs\labs\KPO\SE_Lab_06S\x64\Debug\SE_Lab_06L.lib(3,372): error C2018: неизвестный знак "0x40"
         C:\git\labs\labs\KPO\SE_Lab_06S\x64\Debug\SE_Lab_06L.lib(3,373): error C2018: неизвестный знак "0x40"
         C:\git\labs\labs\KPO\SE_Lab_06S\x64\Debug\SE_Lab_06L.lib(3,384): error C2018: неизвестный знак "0x40"
         C:\git\labs\labs\KPO\SE_Lab_06S\x64\Debug\SE_Lab_06L.lib(3,390): error C2018: неизвестный знак "0x40"
         C:\git\labs\labs\KPO\SE_Lab_06S\x64\Debug\SE_Lab_06L.lib(3,408): error C2018: неизвестный знак "0x40"
         C:\git\labs\labs\KPO\SE_Lab_06S\x64\Debug\SE_Lab_06L.lib(3,424): error C2018: неизвестный знак "0x40"
         C:\git\labs\labs\KPO\SE_Lab_06S\x64\Debug\SE_Lab_06L.lib(3,440): error C2018: неизвестный знак "0x40"
         C:\git\labs\labs\KPO\SE_Lab_06S\x64\Debug\SE_Lab_06L.lib(3,442): error C2018: неизвестный знак "0x40"
         C:\git\labs\labs\KPO\SE_Lab_06S\x64\Debug\SE_Lab_06L.lib(3,446): error C2018: неизвестный знак "0x40"
         C:\git\labs\labs\KPO\SE_Lab_06S\x64\Debug\SE_Lab_06L.lib(3,447): error C2018: неизвестный знак "0x40"
         C:\git\labs\labs\KPO\SE_Lab_06S\x64\Debug\SE_Lab_06L.lib(3,448): error C2018: неизвестный знак "0x40"
         C:\git\labs\labs\KPO\SE_Lab_06S\x64\Debug\SE_Lab_06L.lib(3,452): error C2018: неизвестный знак "0x40"
         C:\git\labs\labs\KPO\SE_Lab_06S\x64\Debug\SE_Lab_06L.lib(3,453): error C2018: неизвестный знак "0x40"
         C:\git\labs\labs\KPO\SE_Lab_06S\x64\Debug\SE_Lab_06L.lib(3,458): error C2018: неизвестный знак "0x40"
         C:\git\labs\labs\KPO\SE_Lab_06S\x64\Debug\SE_Lab_06L.lib(3,465): error C2018: неизвестный знак "0x40"
         C:\git\labs\labs\KPO\SE_Lab_06S\x64\Debug\SE_Lab_06L.lib(3,466): error C2018: неизвестный знак "0x40"
         C:\git\labs\labs\KPO\SE_Lab_06S\x64\Debug\SE_Lab_06L.lib(3,478): error C2018: неизвестный знак "0x40"
         C:\git\labs\labs\KPO\SE_Lab_06S\x64\Debug\SE_Lab_06L.lib(3,494): error C2018: неизвестный знак "0x40"
         C:\git\labs\labs\KPO\SE_Lab_06S\x64\Debug\SE_Lab_06L.lib(3,510): error C2018: неизвестный знак "0x40"
         C:\git\labs\labs\KPO\SE_Lab_06S\x64\Debug\SE_Lab_06L.lib(3,512): error C2018: неизвестный знак "0x40"
         C:\git\labs\labs\KPO\SE_Lab_06S\x64\Debug\SE_Lab_06L.lib(3,516): error C2018: неизвестный знак "0x40"
         C:\git\labs\labs\KPO\SE_Lab_06S\x64\Debug\SE_Lab_06L.lib(3,517): error C2018: неизвестный знак "0x40"
         C:\git\labs\labs\KPO\SE_Lab_06S\x64\Debug\SE_Lab_06L.lib(3,518): error C2018: неизвестный знак "0x40"
         C:\git\labs\labs\KPO\SE_Lab_06S\x64\Debug\SE_Lab_06L.lib(3,522): error C2018: неизвестный знак "0x40"
         C:\git\labs\labs\KPO\SE_Lab_06S\x64\Debug\SE_Lab_06L.lib(3,523): error C2018: неизвестный знак "0x40"
         C:\git\labs\labs\KPO\SE_Lab_06S\x64\Debug\SE_Lab_06L.lib(3,528): error C2018: неизвестный знак "0x40"
         C:\git\labs\labs\KPO\SE_Lab_06S\x64\Debug\SE_Lab_06L.lib(3,535): error C2018: неизвестный знак "0x40"
         C:\git\labs\labs\KPO\SE_Lab_06S\x64\Debug\SE_Lab_06L.lib(3,536): error C2018: неизвестный знак "0x40"
         C:\git\labs\labs\KPO\SE_Lab_06S\x64\Debug\SE_Lab_06L.lib(3,554): error C2018: неизвестный знак "0x40"
         C:\git\labs\labs\KPO\SE_Lab_06S\x64\Debug\SE_Lab_06L.lib(3,570): error C2018: неизвестный знак "0x40"
         C:\git\labs\labs\KPO\SE_Lab_06S\x64\Debug\SE_Lab_06L.lib(3,586): error C2018: неизвестный знак "0x40"
         C:\git\labs\labs\KPO\SE_Lab_06S\x64\Debug\SE_Lab_06L.lib(3,588): error C2018: неизвестный знак "0x40"
         C:\git\labs\labs\KPO\SE_Lab_06S\x64\Debug\SE_Lab_06L.lib(3,592): error C2018: неизвестный знак "0x40"
         C:\git\labs\labs\KPO\SE_Lab_06S\x64\Debug\SE_Lab_06L.lib(3,593): error C2018: неизвестный знак "0x40"
         C:\git\labs\labs\KPO\SE_Lab_06S\x64\Debug\SE_Lab_06L.lib(3,594): error C2018: неизвестный знак "0x40"
         C:\git\labs\labs\KPO\SE_Lab_06S\x64\Debug\SE_Lab_06L.lib(3,598): error C2018: неизвестный знак "0x40"
         C:\git\labs\labs\KPO\SE_Lab_06S\x64\Debug\SE_Lab_06L.lib(3,599): error C2018: неизвестный знак "0x40"
         C:\git\labs\labs\KPO\SE_Lab_06S\x64\Debug\SE_Lab_06L.lib(3,604): error C2018: неизвестный знак "0x40"
         C:\git\labs\labs\KPO\SE_Lab_06S\x64\Debug\SE_Lab_06L.lib(3,617): error C2018: неизвестный знак "0x40"
         C:\git\labs\labs\KPO\SE_Lab_06S\x64\Debug\SE_Lab_06L.lib(3,633): error C2018: неизвестный знак "0x40"
         C:\git\labs\labs\KPO\SE_Lab_06S\x64\Debug\SE_Lab_06L.lib(3,649): error C2018: неизвестный знак "0x40"
         C:\git\labs\labs\KPO\SE_Lab_06S\x64\Debug\SE_Lab_06L.lib(3,651): error C2018: неизвестный знак "0x40"
         C:\git\labs\labs\KPO\SE_Lab_06S\x64\Debug\SE_Lab_06L.lib(3,655): error C2018: неизвестный знак "0x40"
         C:\git\labs\labs\KPO\SE_Lab_06S\x64\Debug\SE_Lab_06L.lib(3,656): error C2018: неизвестный знак "0x40"
         C:\git\labs\labs\KPO\SE_Lab_06S\x64\Debug\SE_Lab_06L.lib(3,657): error C2018: неизвестный знак "0x40"
         C:\git\labs\labs\KPO\SE_Lab_06S\x64\Debug\SE_Lab_06L.lib(3,661): error C2018: неизвестный знак "0x40"
         C:\git\labs\labs\KPO\SE_Lab_06S\x64\Debug\SE_Lab_06L.lib(3,662): error C2018: неизвестный знак "0x40"
         C:\git\labs\labs\KPO\SE_Lab_06S\x64\Debug\SE_Lab_06L.lib(3,667): error C2018: неизвестный знак "0x40"
         C:\git\labs\labs\KPO\SE_Lab_06S\x64\Debug\SE_Lab_06L.lib(3,680): error C2018: неизвестный знак "0x40"
         C:\git\labs\labs\KPO\SE_Lab_06S\x64\Debug\SE_Lab_06L.lib(3,696): error C2018: неизвестный знак "0x40"
         C:\git\labs\labs\KPO\SE_Lab_06S\x64\Debug\SE_Lab_06L.lib(3,712): error C2018: неизвестный знак "0x40"
         C:\git\labs\labs\KPO\SE_Lab_06S\x64\Debug\SE_Lab_06L.lib(3,714): error C2018: неизвестный знак "0x40"
         C:\git\labs\labs\KPO\SE_Lab_06S\x64\Debug\SE_Lab_06L.lib(3,718): error C2018: неизвестный знак "0x40"
         C:\git\labs\labs\KPO\SE_Lab_06S\x64\Debug\SE_Lab_06L.lib(3,719): error C2018: неизвестный знак "0x40"
         C:\git\labs\labs\KPO\SE_Lab_06S\x64\Debug\SE_Lab_06L.lib(3,720): error C2018: неизвестный знак "0x40"
         C:\git\labs\labs\KPO\SE_Lab_06S\x64\Debug\SE_Lab_06L.lib(3,724): error C2018: неизвестный знак "0x40"
         C:\git\labs\labs\KPO\SE_Lab_06S\x64\Debug\SE_Lab_06L.lib(3,725): error C2018: неизвестный знак "0x40"
         C:\git\labs\labs\KPO\SE_Lab_06S\x64\Debug\SE_Lab_06L.lib(3,739): error C2018: неизвестный знак "0x40"
         C:\git\labs\labs\KPO\SE_Lab_06S\x64\Debug\SE_Lab_06L.lib(3,751): error C2018: неизвестный знак "0x40"
         C:\git\labs\labs\KPO\SE_Lab_06S\x64\Debug\SE_Lab_06L.lib(3,754): error C2018: неизвестный знак "0x40"
         C:\git\labs\labs\KPO\SE_Lab_06S\x64\Debug\SE_Lab_06L.lib(3,760): error C2018: неизвестный знак "0x40"
         C:\git\labs\labs\KPO\SE_Lab_06S\x64\Debug\SE_Lab_06L.lib(3,772): error C2018: неизвестный знак "0x40"
         C:\git\labs\labs\KPO\SE_Lab_06S\x64\Debug\SE_Lab_06L.lib(3,772): fatal  error C1003: число ошибок превышает 100; остановка компиляции

    Предупреждений: 0
    Ошибок: 101

Прошло времени 00:00:00.39
