Сборка начата 08.05.2024 09:46:24.
Уровень детализации журнала: Normal.     1>Проект "C:\git\labs\labs\KPO\DEd_12\DEd_12\DEd_12.vcxproj" в узле 2 (целевые объекты Build).
     1>InitializeBuildStatus:
         Создание "x64\Debug\DEd_12.tlog\unsuccessfulbuild", так как было задано "AlwaysCreate".
         Обращение к "x64\Debug\DEd_12.tlog\unsuccessfulbuild".
       ClCompile:
         C:\Program Files\Microsoft Visual Studio\2022\Community\VC\Tools\MSVC\14.37.32822\bin\HostX64\x64\CL.exe /c /ZI /JMC /nologo /W3 /WX- /diagnostics:column /sdl /Od /D _DEBUG /D _CONSOLE /D _UNICODE /D UNICODE /Gm- /EHsc /RTC1 /MDd /GS /fp:precise /Zc:wchar_t /Zc:forScope /Zc:inline /permissive- /Fo"x64\Debug\\" /Fd"x64\Debug\vc143.pdb" /external:W3 /Gd /TP /FC /errorReport:prompt Source.cpp
         Source.cpp
     1>C:\git\labs\labs\KPO\DEd_12\DEd_12\Source.cpp(88,15): warning C4244: =: преобразование "int" в "float", возможна потеря данных
     1>C:\git\labs\labs\KPO\DEd_12\DEd_12\Source.cpp(89,31): warning C4244: =: преобразование "int" в "float", возможна потеря данных
       Link:
         C:\Program Files\Microsoft Visual Studio\2022\Community\VC\Tools\MSVC\14.37.32822\bin\HostX64\x64\link.exe /ERRORREPORT:PROMPT /OUT:"C:\git\labs\labs\KPO\DEd_12\x64\Debug\DEd_12.exe" /INCREMENTAL /ILK:"x64\Debug\DEd_12.ilk" /NOLOGO kernel32.lib user32.lib gdi32.lib winspool.lib comdlg32.lib advapi32.lib shell32.lib ole32.lib oleaut32.lib uuid.lib odbc32.lib odbccp32.lib /MANIFEST /MANIFESTUAC:"level='asInvoker' uiAccess='false'" /manifest:embed /DEBUG /PDB:"C:\git\labs\labs\KPO\DEd_12\x64\Debug\DEd_12.pdb" /SUBSYSTEM:CONSOLE /TLBID:1 /DYNAMICBASE /NXCOMPAT /IMPLIB:"C:\git\labs\labs\KPO\DEd_12\x64\Debug\DEd_12.lib" /MACHINE:X64 x64\Debug\DEd_12.obj
         x64\Debug\Source.obj
         DEd_12.vcxproj -> C:\git\labs\labs\KPO\DEd_12\x64\Debug\DEd_12.exe
       FinalizeBuildStatus:
         Файл "x64\Debug\DEd_12.tlog\unsuccessfulbuild" удаляется.
         Обращение к "x64\Debug\DEd_12.tlog\DEd_12.lastbuildstate".
     1>Сборка проекта "C:\git\labs\labs\KPO\DEd_12\DEd_12\DEd_12.vcxproj" завершена (целевые объекты Build).

Сборка успешно завершена.

       "C:\git\labs\labs\KPO\DEd_12\DEd_12\DEd_12.vcxproj" (целевой объект Build ) (1) ->
       (Целевой объект ClCompile) -> 
         C:\git\labs\labs\KPO\DEd_12\DEd_12\Source.cpp(88,15): warning C4244: =: преобразование "int" в "float", возможна потеря данных
         C:\git\labs\labs\KPO\DEd_12\DEd_12\Source.cpp(89,31): warning C4244: =: преобразование "int" в "float", возможна потеря данных

    Предупреждений: 2
    Ошибок: 0

Прошло времени 00:00:00.64
