Сборка начата 27.02.2024 17:21:58.
Уровень детализации журнала: Normal.     1>Проект "C:\Users\stude\OneDrive\Рабочий стол\Всякое\project\SE_Lab02\SE_Lab02.vcxproj" в узле 2 (целевые объекты Build).
     1>InitializeBuildStatus:
         Создание "x64\Debug\SE_Lab02.tlog\unsuccessfulbuild", так как было задано "AlwaysCreate".
         Обращение к "x64\Debug\SE_Lab02.tlog\unsuccessfulbuild".
       ClCompile:
         C:\Program Files\Microsoft Visual Studio\2022\Community\VC\Tools\MSVC\14.37.32822\bin\HostX64\x64\CL.exe /c /ZI /JMC /nologo /W3 /WX- /diagnostics:column /sdl /Od /D _DEBUG /D _CONSOLE /D _UNICODE /D UNICODE /Gm- /EHsc /RTC1 /MDd /GS /fp:precise /Zc:wchar_t /Zc:forScope /Zc:inline /permissive- /Fo"x64\Debug\\" /Fd"x64\Debug\vc143.pdb" /external:W3 /Gd /TP /FC /errorReport:prompt SE_Lab02.cpp
         SE_Lab02.cpp
     1>C:\Users\stude\OneDrive\Рабочий стол\Всякое\project\SE_Lab02\SE_Lab02.cpp(10,1): warning C4326: возвращаемый тип "main" должен быть "int", а не "void"
     1>C:\Users\stude\OneDrive\Рабочий стол\Всякое\project\SE_Lab02\SE_Lab02.cpp(21,14): warning C4309: инициализация: усечение константного значения
     1>C:\Users\stude\OneDrive\Рабочий стол\Всякое\project\SE_Lab02\SE_Lab02.cpp(42): warning C4723: возможное деление на 0
     1>C:\Users\stude\OneDrive\Рабочий стол\Всякое\project\SE_Lab02\SE_Lab02.cpp(42): warning C4723: возможное деление на 0
     1>C:\Users\stude\OneDrive\Рабочий стол\Всякое\project\SE_Lab02\SE_Lab02.cpp(41): warning C4723: возможное деление на 0
     1>C:\Users\stude\OneDrive\Рабочий стол\Всякое\project\SE_Lab02\SE_Lab02.cpp(40): warning C4723: возможное деление на 0
       Link:
         C:\Program Files\Microsoft Visual Studio\2022\Community\VC\Tools\MSVC\14.37.32822\bin\HostX64\x64\link.exe /ERRORREPORT:PROMPT /OUT:"C:\Users\stude\OneDrive\Рабочий стол\Всякое\project\SE_Lab02\x64\Debug\SE_Lab02.exe" /INCREMENTAL /ILK:"x64\Debug\SE_Lab02.ilk" /NOLOGO kernel32.lib user32.lib gdi32.lib winspool.lib comdlg32.lib advapi32.lib shell32.lib ole32.lib oleaut32.lib uuid.lib odbc32.lib odbccp32.lib /MANIFEST /MANIFESTUAC:"level='asInvoker' uiAccess='false'" /manifest:embed /DEBUG /PDB:"C:\Users\stude\OneDrive\Рабочий стол\Всякое\project\SE_Lab02\x64\Debug\SE_Lab02.pdb" /SUBSYSTEM:CONSOLE /TLBID:1 /DYNAMICBASE /NXCOMPAT /IMPLIB:"C:\Users\stude\OneDrive\Рабочий стол\Всякое\project\SE_Lab02\x64\Debug\SE_Lab02.lib" /MACHINE:X64 x64\Debug\SE_Lab02.obj
         SE_Lab02.vcxproj -> C:\Users\stude\OneDrive\Рабочий стол\Всякое\project\SE_Lab02\x64\Debug\SE_Lab02.exe
       FinalizeBuildStatus:
         Файл "x64\Debug\SE_Lab02.tlog\unsuccessfulbuild" удаляется.
         Обращение к "x64\Debug\SE_Lab02.tlog\SE_Lab02.lastbuildstate".
     1>Сборка проекта "C:\Users\stude\OneDrive\Рабочий стол\Всякое\project\SE_Lab02\SE_Lab02.vcxproj" завершена (целевые объекты Build).

Сборка успешно завершена.

       "C:\Users\stude\OneDrive\Рабочий стол\Всякое\project\SE_Lab02\SE_Lab02.vcxproj" (целевой объект Build ) (1) ->
       (Целевой объект ClCompile) -> 
         C:\Users\stude\OneDrive\Рабочий стол\Всякое\project\SE_Lab02\SE_Lab02.cpp(10,1): warning C4326: возвращаемый тип "main" должен быть "int", а не "void"
         C:\Users\stude\OneDrive\Рабочий стол\Всякое\project\SE_Lab02\SE_Lab02.cpp(21,14): warning C4309: инициализация: усечение константного значения
         C:\Users\stude\OneDrive\Рабочий стол\Всякое\project\SE_Lab02\SE_Lab02.cpp(42): warning C4723: возможное деление на 0
         C:\Users\stude\OneDrive\Рабочий стол\Всякое\project\SE_Lab02\SE_Lab02.cpp(42): warning C4723: возможное деление на 0
         C:\Users\stude\OneDrive\Рабочий стол\Всякое\project\SE_Lab02\SE_Lab02.cpp(41): warning C4723: возможное деление на 0
         C:\Users\stude\OneDrive\Рабочий стол\Всякое\project\SE_Lab02\SE_Lab02.cpp(40): warning C4723: возможное деление на 0

    Предупреждений: 6
    Ошибок: 0

Прошло времени 00:00:01.33
