Сборка начата 16.04.2024 22:20:45.
Уровень детализации журнала: Normal.     1>Проект "C:\git\labs\labs\KPO\Ded_09\DOP_1\DOP_1.vcxproj" в узле 2 (целевые объекты Build).
     1>InitializeBuildStatus:
         Обращение к "x64\Release\DOP_1.tlog\unsuccessfulbuild".
       ClCompile:
         C:\Program Files\Microsoft Visual Studio\2022\Community\VC\Tools\MSVC\14.37.32822\bin\HostX64\x64\CL.exe /c /Zi /nologo /W3 /WX- /diagnostics:column /sdl /O2 /Oi /GL /D NDEBUG /D _CONSOLE /D _UNICODE /D UNICODE /Gm- /EHsc /MD /GS /Gy /fp:precise /Zc:wchar_t /Zc:forScope /Zc:inline /permissive- /Fo"x64\Release\\" /Fd"x64\Release\vc143.pdb" /external:W3 /Gd /TP /FC /errorReport:prompt List.cpp
         List.cpp
       Link:
         C:\Program Files\Microsoft Visual Studio\2022\Community\VC\Tools\MSVC\14.37.32822\bin\HostX64\x64\link.exe /ERRORREPORT:PROMPT /OUT:"C:\git\labs\labs\KPO\Ded_09\x64\Release\DOP_1.exe" /NOLOGO kernel32.lib user32.lib gdi32.lib winspool.lib comdlg32.lib advapi32.lib shell32.lib ole32.lib oleaut32.lib uuid.lib odbc32.lib odbccp32.lib /MANIFEST /MANIFESTUAC:"level='asInvoker' uiAccess='false'" /manifest:embed /DEBUG /PDB:"C:\git\labs\labs\KPO\Ded_09\x64\Release\DOP_1.pdb" /SUBSYSTEM:CONSOLE /OPT:REF /OPT:ICF /LTCG:incremental /LTCGOUT:"x64\Release\DOP_1.iobj" /TLBID:1 /DYNAMICBASE /NXCOMPAT /IMPLIB:"C:\git\labs\labs\KPO\Ded_09\x64\Release\DOP_1.lib" /MACHINE:X64 x64\Release\DOP_1.obj
         x64\Release\List.obj
         Создание кода
         Previous IPDB and IOBJ mismatch, fall back to full compilation.
         All 110 functions were compiled because no usable IPDB/IOBJ from previous compilation was found.
         Создание кода завершено
         DOP_1.vcxproj -> C:\git\labs\labs\KPO\Ded_09\x64\Release\DOP_1.exe
       FinalizeBuildStatus:
         Файл "x64\Release\DOP_1.tlog\unsuccessfulbuild" удаляется.
         Обращение к "x64\Release\DOP_1.tlog\DOP_1.lastbuildstate".
     1>Сборка проекта "C:\git\labs\labs\KPO\Ded_09\DOP_1\DOP_1.vcxproj" завершена (целевые объекты Build).

Сборка успешно завершена.
    Предупреждений: 0
    Ошибок: 0

Прошло времени 00:00:00.51
