c:\users\stude\onedrive\рабочий стол\всякое\project\se_lab05\x64\debug\vc143.pdb
c:\users\stude\onedrive\рабочий стол\всякое\project\se_lab05\x64\debug\vc143.idb
c:\users\stude\onedrive\рабочий стол\всякое\project\se_lab05\x64\debug\test_kpo.obj
c:\users\stude\onedrive\рабочий стол\всякое\project\se_lab05\x64\debug\dictionary.obj
c:\users\stude\onedrive\рабочий стол\всякое\project\se_lab05\x64\debug\se_lab05.obj
c:\users\stude\onedrive\рабочий стол\всякое\project\se_lab05\x64\debug\se_lab05.pdb
c:\users\stude\onedrive\рабочий стол\всякое\project\se_lab05\x64\debug\se_lab05.tlog\cl.command.1.tlog
c:\users\stude\onedrive\рабочий стол\всякое\project\se_lab05\x64\debug\se_lab05.tlog\cl.items.tlog
c:\users\stude\onedrive\рабочий стол\всякое\project\se_lab05\x64\debug\se_lab05.tlog\cl.read.1.tlog
c:\users\stude\onedrive\рабочий стол\всякое\project\se_lab05\x64\debug\se_lab05.tlog\cl.write.1.tlog
c:\users\stude\onedrive\рабочий стол\всякое\project\se_lab05\x64\debug\se_lab05.tlog\link-cvtres.read.1.tlog
c:\users\stude\onedrive\рабочий стол\всякое\project\se_lab05\x64\debug\se_lab05.tlog\link-cvtres.write.1.tlog
c:\users\stude\onedrive\рабочий стол\всякое\project\se_lab05\x64\debug\se_lab05.tlog\link-rc.read.1.tlog
c:\users\stude\onedrive\рабочий стол\всякое\project\se_lab05\x64\debug\se_lab05.tlog\link-rc.write.1.tlog
c:\users\stude\onedrive\рабочий стол\всякое\project\se_lab05\x64\debug\se_lab05.tlog\link.4228-cvtres.read.1.tlog
c:\users\stude\onedrive\рабочий стол\всякое\project\se_lab05\x64\debug\se_lab05.tlog\link.4228-cvtres.write.1.tlog
c:\users\stude\onedrive\рабочий стол\всякое\project\se_lab05\x64\debug\se_lab05.tlog\link.4228-rc.read.1.tlog
c:\users\stude\onedrive\рабочий стол\всякое\project\se_lab05\x64\debug\se_lab05.tlog\link.4228-rc.write.1.tlog
c:\users\stude\onedrive\рабочий стол\всякое\project\se_lab05\x64\debug\se_lab05.tlog\link.4228.read.1.tlog
c:\users\stude\onedrive\рабочий стол\всякое\project\se_lab05\x64\debug\se_lab05.tlog\link.4228.read.2.tlog
c:\users\stude\onedrive\рабочий стол\всякое\project\se_lab05\x64\debug\se_lab05.tlog\link.4228.read.3.tlog
c:\users\stude\onedrive\рабочий стол\всякое\project\se_lab05\x64\debug\se_lab05.tlog\link.4228.read.4.tlog
c:\users\stude\onedrive\рабочий стол\всякое\project\se_lab05\x64\debug\se_lab05.tlog\link.4228.write.1.tlog
c:\users\stude\onedrive\рабочий стол\всякое\project\se_lab05\x64\debug\se_lab05.tlog\link.command.1.tlog
c:\users\stude\onedrive\рабочий стол\всякое\project\se_lab05\x64\debug\se_lab05.tlog\link.read.1.tlog
c:\users\stude\onedrive\рабочий стол\всякое\project\se_lab05\x64\debug\se_lab05.tlog\link.read.2.tlog
c:\users\stude\onedrive\рабочий стол\всякое\project\se_lab05\x64\debug\se_lab05.tlog\link.read.3.tlog
c:\users\stude\onedrive\рабочий стол\всякое\project\se_lab05\x64\debug\se_lab05.tlog\link.read.4.tlog
c:\users\stude\onedrive\рабочий стол\всякое\project\se_lab05\x64\debug\se_lab05.tlog\link.write.1.tlog
