Сборка начата 16.04.2024 23:46:44.
Уровень детализации журнала: Normal.     1>Проект "C:\git\labs\labs\KPO\Ded_09\Ded_09\Ded_09.vcxproj" в узле 2 (целевые объекты Build).
     1>InitializeBuildStatus:
         Обращение к "x64\Release\Ded_09.tlog\unsuccessfulbuild".
       ClCompile:
         C:\Program Files\Microsoft Visual Studio\2022\Community\VC\Tools\MSVC\14.37.32822\bin\HostX64\x64\CL.exe /c /Zi /nologo /W3 /WX- /diagnostics:column /sdl /O2 /Oi /GL /D NDEBUG /D _CONSOLE /D _UNICODE /D UNICODE /Gm- /EHsc /MD /GS /Gy /fp:precise /Zc:wchar_t /Zc:forScope /Zc:inline /permissive- /Fo"x64\Release\\" /Fd"x64\Release\vc143.pdb" /external:W3 /Gd /TP /FC /errorReport:prompt Ded_09.cpp
         Ded_09.cpp
     1>C:\git\labs\labs\KPO\Ded_09\Ded_09\Ded_09.cpp(237,1): warning C4326: возвращаемый тип "main" должен быть "int", а не "void"
       Link:
         C:\Program Files\Microsoft Visual Studio\2022\Community\VC\Tools\MSVC\14.37.32822\bin\HostX64\x64\link.exe /ERRORREPORT:PROMPT /OUT:"C:\git\labs\labs\KPO\Ded_09\x64\Release\Ded_09.exe" /NOLOGO kernel32.lib user32.lib gdi32.lib winspool.lib comdlg32.lib advapi32.lib shell32.lib ole32.lib oleaut32.lib uuid.lib odbc32.lib odbccp32.lib /MANIFEST /MANIFESTUAC:"level='asInvoker' uiAccess='false'" /manifest:embed /DEBUG /PDB:"C:\git\labs\labs\KPO\Ded_09\x64\Release\Ded_09.pdb" /SUBSYSTEM:CONSOLE /OPT:REF /OPT:ICF /LTCG:incremental /LTCGOUT:"x64\Release\Ded_09.iobj" /TLBID:1 /DYNAMICBASE /NXCOMPAT /IMPLIB:"C:\git\labs\labs\KPO\Ded_09\x64\Release\Ded_09.lib" /MACHINE:X64 x64\Release\Ded_09.obj
     1>LINK : fatal error LNK1104: не удается открыть файл "C:\git\labs\labs\KPO\Ded_09\x64\Release\Ded_09.exe"
     1>Сборка проекта "C:\git\labs\labs\KPO\Ded_09\Ded_09\Ded_09.vcxproj" завершена (целевые объекты Build) с ошибкой.

Ошибка сборки.

       "C:\git\labs\labs\KPO\Ded_09\Ded_09\Ded_09.vcxproj" (целевой объект Build ) (1) ->
       (Целевой объект ClCompile) -> 
         C:\git\labs\labs\KPO\Ded_09\Ded_09\Ded_09.cpp(237,1): warning C4326: возвращаемый тип "main" должен быть "int", а не "void"


       "C:\git\labs\labs\KPO\Ded_09\Ded_09\Ded_09.vcxproj" (целевой объект Build ) (1) ->
       (Целевой объект Link) -> 
         LINK : fatal error LNK1104: не удается открыть файл "C:\git\labs\labs\KPO\Ded_09\x64\Release\Ded_09.exe"

    Предупреждений: 1
    Ошибок: 1

Прошло времени 00:00:00.74
